<?xml version="1.0" encoding="UTF-8"?>
<testsuite xmlns:xsi="http://www.w3.org/2001/XMLSchema-instance" xsi:noNamespaceSchemaLocation="https://maven.apache.org/surefire/maven-surefire-plugin/xsd/surefire-test-report-3.0.xsd" version="3.0" name="com.handcoded.fpml.InteractiveConversionFlowTest" time="0.194" tests="3" errors="0" skipped="0" failures="0">
  <properties>
[...]
</properties>
  <testcase name="step1_probe_revealsRequirementsBeforeConversion" classname="com.handcoded.fpml.InteractiveConversionFlowTest" time="0.07">
    <system-out><![CDATA[[ToolkitTestBase] user.dir = C:\Users\gpandey\OneDrive - ISDA\Documents\Projects-Codebase\FpML\fpml-toolkit-java
[ToolkitTestBase] Specifications loaded: 3
[ToolkitTestBase] Catalog loaded: files-fpml/catalog-fpml-5-13.xml
[ToolkitTestBase] Default schema set pre-compiled.

========================================================================
  STEP 1: PROBE
  test-sample/test_convert-FpML.xml → 5-13
========================================================================

[SOURCE VALIDATION ERRORS — XSD + business-rules on source doc]
  ✗ [XSD] cvc-complex-type.2.4.b: The content of element 'tradeHeader' is not complete. One of '{"http://www.fpml.org/2007/FpML-4-3":partyTradeIdentifier, "http://www.fpml.org/2007/FpML-4-3":partyTradeInformation, "http://www.fpml.org/2007/FpML-4-3":tradeDate}' is expected.
  ✗ [XSD] cvc-complex-type.2.4.a: Invalid content was found starting with element '{"http://www.fpml.org/2007/FpML-4-3":terminationDate}'. One of '{"http://www.fpml.org/2007/FpML-4-3":effectiveDate, "http://www.fpml.org/2007/FpML-4-3":relativeEffectiveDate}' is expected.
  ✗ [ref-7] The @href attribute of a 'InterestLegCalculationPeriodDatesReference' element should match with an @id attribute on a 'InterestLegCalculationPeriodDates' element. (code=305) [CalcPeriodDates0]
  ✗ [ref-7] The @href attribute of a 'InterestLegCalculationPeriodDatesReference' element should match with an @id attribute on a 'InterestLegCalculationPeriodDates' element. (code=305) [CalcPeriodDates1]
  ✗ [ref-7] The @href attribute of a 'InterestLegCalculationPeriodDatesReference' element should match with an @id attribute on a 'InterestLegCalculationPeriodDates' element. (code=305) [CalcPeriodDates1]

[REQUIRED FIELDS — user must supply before conversion]
  (none — no additional values needed)

[PROBE OUTCOME]
  ⚠ INCOMPLETE — caller must act before conversion.
    → Source document has 5 validation error(s) that must be fixed.

  ✓ STEP 1 COMPLETE
========================================================================

]]></system-out>
  </testcase>
  <testcase name="step2_and_step3_fillAndConvert" classname="com.handcoded.fpml.InteractiveConversionFlowTest" time="0.065">
    <system-out><![CDATA[
========================================================================
  STEP 2+3: FILL → CONVERT
  test-sample/test_convert-FpML.xml → 5-13
========================================================================

[STEP 2 — FILLING REQUIRED FIELDS (simulating UI input)]

[SOURCE VALIDATION ERRORS — must be fixed in source document]
  ✗ [XSD] cvc-complex-type.2.4.b: The content of element 'tradeHeader' is not complete. One of '{"http://www.fpml.org/2007/FpML-4-3":partyTradeIdentifier, "http://www.fpml.org/2007/FpML-4-3":partyTradeInformation, "http://www.fpml.org/2007/FpML-4-3":tradeDate}' is expected.
  ✗ [XSD] cvc-complex-type.2.4.a: Invalid content was found starting with element '{"http://www.fpml.org/2007/FpML-4-3":terminationDate}'. One of '{"http://www.fpml.org/2007/FpML-4-3":effectiveDate, "http://www.fpml.org/2007/FpML-4-3":relativeEffectiveDate}' is expected.
  ✗ [ref-7] The @href attribute of a 'InterestLegCalculationPeriodDatesReference' element should match with an @id attribute on a 'InterestLegCalculationPeriodDates' element. (code=305) [CalcPeriodDates0]
  ✗ [ref-7] The @href attribute of a 'InterestLegCalculationPeriodDatesReference' element should match with an @id attribute on a 'InterestLegCalculationPeriodDates' element. (code=305) [CalcPeriodDates1]
  ✗ [ref-7] The @href attribute of a 'InterestLegCalculationPeriodDatesReference' element should match with an @id attribute on a 'InterestLegCalculationPeriodDates' element. (code=305) [CalcPeriodDates1]

  NOTE: Proceeding with conversion anyway to show what happens.

[STEP 3 — CONVERT with 0 supplied value(s)]
  isSuccess    : true
  source       : 4-3
  target       : 5-13

  [CONVERTED XML — first 1000 chars]
<?xml version="1.0" encoding="UTF-8" standalone="no"?>
<dataDocument xmlns="http://www.fpml.org/FpML-5/confirmation" xmlns:xsi="http://www.w3.org/2001/XMLSchema-instance" fpmlVersion="5-13" xsi:schemaLocation="http://www.fpml.org/FpML-5/confirmation fpml-main-5-13.xsd">
     
  <trade>
          
    <tradeHeader>
               
      <partyTradeIdentifier>
                    
        <partyReference href="party1"/>
                    
        <tradeId tradeIdScheme="http://www.partyA.com/trade-id">123</tradeId>
                 
      </partyTradeIdentifier>
               
      <partyTradeIdentifier>
                    
        <partyReference href="party2"/>
                    
        <tradeId tradeIdScheme="http://www.partyB.com/trade-id">123</tradeId>
                 
      </partyTradeIdentifier>
            
    </tradeHeader>
          
    <swaption>
               
      <buyerPartyReference href="party1"/>
               
      <sellerPar

  ✓ STEP 2+3 COMPLETE
========================================================================

]]></system-out>
  </testcase>
  <testcase name="validateOnly_surfacesSourceErrors" classname="com.handcoded.fpml.InteractiveConversionFlowTest" time="0.055">
    <system-out><![CDATA[
========================================================================
  VALIDATE-ONLY (no conversion)
  test-sample/test_convert-FpML.xml
========================================================================
  isSuccess    : true
  sourceVersion: 4-3

[INBOUND ERRORS (XSD + business-rules)]
  ✗ [XSD] cvc-complex-type.2.4.b: The content of element 'tradeHeader' is not complete. One of '{"http://www.fpml.org/2007/FpML-4-3":partyTradeIdentifier, "http://www.fpml.org/2007/FpML-4-3":partyTradeInformation, "http://www.fpml.org/2007/FpML-4-3":tradeDate}' is expected.
  ✗ [XSD] cvc-complex-type.2.4.a: Invalid content was found starting with element '{"http://www.fpml.org/2007/FpML-4-3":terminationDate}'. One of '{"http://www.fpml.org/2007/FpML-4-3":effectiveDate, "http://www.fpml.org/2007/FpML-4-3":relativeEffectiveDate}' is expected.
  ✗ [ref-7] The @href attribute of a 'InterestLegCalculationPeriodDatesReference' element should match with an @id attribute on a 'InterestLegCalculationPeriodDates' element. (code=305) [CalcPeriodDates0]
  ✗ [ref-7] The @href attribute of a 'InterestLegCalculationPeriodDatesReference' element should match with an @id attribute on a 'InterestLegCalculationPeriodDates' element. (code=305) [CalcPeriodDates1]
  ✗ [ref-7] The @href attribute of a 'InterestLegCalculationPeriodDatesReference' element should match with an @id attribute on a 'InterestLegCalculationPeriodDates' element. (code=305) [CalcPeriodDates1]

  ✓ VALIDATE-ONLY COMPLETE
========================================================================

]]></system-out>
  </testcase>
</testsuite>