<?xml version="1.0" encoding="UTF-8"?>
<testsuite xmlns:xsi="http://www.w3.org/2001/XMLSchema-instance" xsi:noNamespaceSchemaLocation="https://maven.apache.org/surefire/maven-surefire-plugin/xsd/surefire-test-report-3.0.xsd" version="3.0" name="com.handcoded.fpml.BootstrapDiagnosticTest" time="2.648" tests="1" errors="0" skipped="0" failures="0">
  <properties>
[...]
</properties>
  <testcase name="diagnoseBootstrap" classname="com.handcoded.fpml.BootstrapDiagnosticTest" time="2.6">
    <system-out><![CDATA[=== DIAGNOSTIC ===
user.dir: C:\Users\gpandey\OneDrive - ISDA\Documents\Projects-Codebase\FpML\fpml-toolkit-java
files-core/releases.xml exists: true
files-core/releases.xml absolute: C:\Users\gpandey\OneDrive - ISDA\Documents\Projects-Codebase\FpML\fpml-toolkit-java\files-core\releases.xml
files-fpml/meta/fpml-5-0.xml exists: false
DocumentBuilderFactory: org.apache.xerces.jaxp.DocumentBuilderFactoryImpl
XInclude supported: false (after set: configuring...)
InputSource: org.xml.sax.InputSource@1dde4cb2
InputSource systemId: file:/C:/Users/gpandey/OneDrive%20-%20ISDA/Documents/Projects-Codebase/FpML/fpml-toolkit-java/build/classes/files-core/releases.xml
Parsed document: [#document: null]
Root element: specifications
Children count: 13
Registered specifications: 3
  - Acme
  - FpML
  - DSig
=== END DIAGNOSTIC ===
]]></system-out>
    <system-err><![CDATA[May 08, 2026 11:59:04 AM com.handcoded.meta.Specification <clinit>
INFO: Bootstrapping Specifications
May 08, 2026 11:59:04 AM com.handcoded.meta.Specification <clinit>
INFO: Working directory: C:\Users\gpandey\OneDrive - ISDA\Documents\Projects-Codebase\FpML\fpml-toolkit-java
May 08, 2026 11:59:06 AM com.handcoded.meta.Specification <clinit>
INFO: Completed
May 08, 2026 11:59:06 AM com.handcoded.meta.Specification <clinit>
INFO: Registered specification: Acme
May 08, 2026 11:59:06 AM com.handcoded.meta.Specification <clinit>
INFO: Registered specification: FpML
May 08, 2026 11:59:06 AM com.handcoded.meta.Specification <clinit>
INFO: Registered specification: DSig
May 08, 2026 11:59:06 AM com.handcoded.xml.XmlUtility <clinit>
INFO: Bootstrapping Default Schema Set
May 08, 2026 11:59:06 AM com.handcoded.xml.XmlUtility <clinit>
INFO: Completed
]]></system-err>
  </testcase>
</testsuite>