<?xml version="1.0" encoding="UTF-8"?>
<testsuite xmlns:xsi="http://www.w3.org/2001/XMLSchema-instance" xsi:noNamespaceSchemaLocation="https://maven.apache.org/surefire/maven-surefire-plugin/xsd/surefire-test-report-3.0.xsd" version="3.0" name="com.handcoded.fpml.ConversionFlowTest" time="35.571" tests="5" errors="0" skipped="0" failures="0">
  <properties>
[...]
</properties>
  <testcase name="testSourceSchemaErrors_softFail" classname="com.handcoded.fpml.ConversionFlowTest" time="0.99">
    <system-out><![CDATA[[ToolkitTestBase] user.dir = C:\Users\gpandey\OneDrive - ISDA\Documents\Projects-Codebase\FpML\fpml-toolkit-java
[ToolkitTestBase] Specifications loaded: 3
[ToolkitTestBase] Catalog loaded: files-fpml/catalog-fpml-5-13.xml
[ToolkitTestBase] Default schema set pre-compiled.
[ConversionFlowTest] softFail status       : TARGET_SCHEMA_ERROR
[ConversionFlowTest] softFail srcErrors    : 0
[ConversionFlowTest] softFail structIssues : []
]]></system-out>
    <system-err><![CDATA[May 08, 2026 11:59:06 AM com.handcoded.xml.resolver.Catalog <init>
INFO: Loading catalog 'files-fpml/catalog-fpml-5-13.xml'
May 08, 2026 11:59:06 AM com.handcoded.xml.resolver.Catalog <init>
INFO: Loading catalog 'files-fpml/catalog-fpml.xml'
May 08, 2026 11:59:10 AM com.handcoded.fpml.ConversionDeltaProfileRegistry loadFromDirectory
INFO: ConversionDeltaProfileRegistry: loaded 75 profile(s) from filesystem dir: files-fpml\conversion-profiles
May 08, 2026 11:59:10 AM com.handcoded.fpml.ConversionDeltaProfileRegistry ensureLoaded
INFO: ConversionDeltaProfileRegistry: loaded 75 profile(s) total.
May 08, 2026 11:59:10 AM com.handcoded.validation.RuleSet <clinit>
INFO: Bootstrapping business rules
May 08, 2026 11:59:10 AM com.handcoded.validation.RuleSet <clinit>
INFO: Completed.
]]></system-err>
  </testcase>
  <testcase name="testAutoProfile_5_12_to_5_13_confirmation" classname="com.handcoded.fpml.ConversionFlowTest" time="7.931">
    <system-out><![CDATA[[ConversionFlowTest] 5-12→5-13 status     : TARGET_SCHEMA_ERROR
[ConversionFlowTest] 5-12→5-13 sourceVer  : 5-12
[ConversionFlowTest] 5-12→5-13 deltaChain : [HopDeltaInfo{5-12 → 5-13/confirmation, required=0, modified=0}]
[ConversionFlowTest] 5-12→5-13 srcErrors  : 0
[ConversionFlowTest] 5-12→5-13 tgtSchema  : 33
[ConversionFlowTest] 5-12→5-13 tgtRules   : 3
]]></system-out>
  </testcase>
  <testcase name="testNeedsInput_noAutoProfile_noValues" classname="com.handcoded.fpml.ConversionFlowTest" time="13.62">
    <system-out><![CDATA[[ConversionFlowTest] noAutoProfile status     : TARGET_SCHEMA_ERROR
[ConversionFlowTest] noAutoProfile missing    : []
]]></system-out>
  </testcase>
  <testcase name="testAutoProfile_multiHop_5_11_to_5_13" classname="com.handcoded.fpml.ConversionFlowTest" time="3.595">
    <system-out><![CDATA[[ConversionFlowTest] 5-11→5-13 status     : TARGET_SCHEMA_ERROR
[ConversionFlowTest] 5-11→5-13 sourceVer  : 5-11
[ConversionFlowTest] 5-11→5-13 deltaChain : [HopDeltaInfo{5-11 → 5-12, required=0, modified=0}, HopDeltaInfo{5-12 → 5-13/confirmation, required=0, modified=0}]
[ConversionFlowTest] 5-11→5-13 chainSize  : 2
]]></system-out>
  </testcase>
  <testcase name="testExplicitSourceVersionOverride" classname="com.handcoded.fpml.ConversionFlowTest" time="6.923">
    <system-out><![CDATA[[ConversionFlowTest] override status    : TARGET_SCHEMA_ERROR
[ConversionFlowTest] override sourceVer : 5-12
]]></system-out>
  </testcase>
</testsuite>