<?xml version="1.0" encoding="UTF-8"?>
<testsuite xmlns:xsi="http://www.w3.org/2001/XMLSchema-instance" xsi:noNamespaceSchemaLocation="https://maven.apache.org/surefire/maven-surefire-plugin/xsd/surefire-test-report-3.0.xsd" version="3.0" name="com.handcoded.fpml.ValidationSmokeTest" time="0.075" tests="14" errors="0" skipped="0" failures="0">
  <properties>
[...]
</properties>
  <testcase name="validateIrd01(String, String)[1]" classname="com.handcoded.fpml.ValidationSmokeTest" time="0.007">
    <system-out><![CDATA[[ToolkitTestBase] user.dir = C:\Users\gpandey\OneDrive - ISDA\Documents\Projects-Codebase\FpML\fpml-toolkit-java
[ToolkitTestBase] Specifications loaded: 3
[ToolkitTestBase] Catalog loaded: files-fpml/catalog-fpml-5-13.xml
[ToolkitTestBase] Default schema set pre-compiled.
]]></system-out>
  </testcase>
  <testcase name="validateIrd01(String, String)[2]" classname="com.handcoded.fpml.ValidationSmokeTest" time="0.006"/>
  <testcase name="validateIrd01(String, String)[3]" classname="com.handcoded.fpml.ValidationSmokeTest" time="0.008"/>
  <testcase name="validateIrd01(String, String)[4]" classname="com.handcoded.fpml.ValidationSmokeTest" time="0.006"/>
  <testcase name="validateIrd01(String, String)[5]" classname="com.handcoded.fpml.ValidationSmokeTest" time="0.004"/>
  <testcase name="validateIrd01(String, String)[6]" classname="com.handcoded.fpml.ValidationSmokeTest" time="0.004"/>
  <testcase name="validateIrd01(String, String)[7]" classname="com.handcoded.fpml.ValidationSmokeTest" time="0.004"/>
  <testcase name="validateIrd01(String, String)[8]" classname="com.handcoded.fpml.ValidationSmokeTest" time="0.004"/>
  <testcase name="validateIrd01(String, String)[9]" classname="com.handcoded.fpml.ValidationSmokeTest" time="0.004"/>
  <testcase name="validateIrd01(String, String)[10]" classname="com.handcoded.fpml.ValidationSmokeTest" time="0.004"/>
  <testcase name="validateIrd01(String, String)[11]" classname="com.handcoded.fpml.ValidationSmokeTest" time="0.004"/>
  <testcase name="validateIrd01(String, String)[12]" classname="com.handcoded.fpml.ValidationSmokeTest" time="0.004"/>
  <testcase name="validateIrd01(String, String)[13]" classname="com.handcoded.fpml.ValidationSmokeTest" time="0.004"/>
  <testcase name="validateIrd01(String, String)[14]" classname="com.handcoded.fpml.ValidationSmokeTest" time="0.003"/>
</testsuite>