<?xml version="1.0" encoding="UTF-8"?>
<testsuite xmlns:xsi="http://www.w3.org/2001/XMLSchema-instance" xsi:noNamespaceSchemaLocation="https://maven.apache.org/surefire/maven-surefire-plugin/xsd/surefire-test-report-3.0.xsd" version="3.0" name="com.handcoded.fpml.ConversionSmokeTest" time="0.324" tests="22" errors="0" skipped="1" failures="0">
  <properties>
[...]
</properties>
  <testcase name="convert4xIrd01(String)[1]" classname="com.handcoded.fpml.ConversionSmokeTest" time="0.0">
    <skipped type="org.opentest4j.TestAbortedException"><![CDATA[org.opentest4j.TestAbortedException: Assumption failed: Skipping 4-2 — example not found: files-fpml/examples/fpml4-2/interest-rate-derivatives/ird-ex01-vanilla-swap.xml
	at org.junit.jupiter.api.Assumptions.throwAssumptionFailed(Assumptions.java:316)
	at org.junit.jupiter.api.Assumptions.assumeTrue(Assumptions.java:115)
	at com.handcoded.fpml.ConversionSmokeTest.convert4xIrd01(ConversionSmokeTest.java:127)
	at java.base/java.lang.reflect.Method.invoke(Method.java:565)
	at java.base/java.util.stream.ForEachOps$ForEachOp$OfRef.accept(ForEachOps.java:186)
	at java.base/java.util.stream.ReferencePipeline$3$1.accept(ReferencePipeline.java:214)
	at java.base/java.util.stream.ReferencePipeline$2$1.accept(ReferencePipeline.java:197)
	at java.base/java.util.stream.ReferencePipeline$3$1.accept(ReferencePipeline.java:214)
	at java.base/java.util.stream.ForEachOps$ForEachOp$OfRef.accept(ForEachOps.java:186)
	at java.base/java.util.stream.ReferencePipeline$3$1.accept(ReferencePipeline.java:214)
	at java.base/java.util.stream.ReferencePipeline$3$1.accept(ReferencePipeline.java:214)
	at java.base/java.util.stream.ReferencePipeline$3$1.accept(ReferencePipeline.java:214)
	at java.base/java.util.ArrayList$ArrayListSpliterator.forEachRemaining(ArrayList.java:1716)
	at java.base/java.util.stream.ReferencePipeline$Head.forEach(ReferencePipeline.java:803)
	at java.base/java.util.stream.ReferencePipeline$7$1FlatMap.accept(ReferencePipeline.java:293)
	at java.base/java.util.stream.ReferencePipeline$3$1.accept(ReferencePipeline.java:214)
	at java.base/java.util.stream.ReferencePipeline$3$1.accept(ReferencePipeline.java:214)
	at java.base/java.util.stream.ReferencePipeline$3$1.accept(ReferencePipeline.java:214)
	at java.base/java.util.ArrayList$ArrayListSpliterator.forEachRemaining(ArrayList.java:1716)
	at java.base/java.util.stream.AbstractPipeline.copyInto(AbstractPipeline.java:570)
	at java.base/java.util.stream.AbstractPipeline.wrapAndCopyInto(AbstractPipeline.java:560)
	at java.base/java.util.stream.ForEachOps$ForEachOp.evaluateSequential(ForEachOps.java:153)
	at java.base/java.util.stream.ForEachOps$ForEachOp$OfRef.evaluateSequential(ForEachOps.java:176)
	at java.base/java.util.stream.AbstractPipeline.evaluate(AbstractPipeline.java:265)
	at java.base/java.util.stream.ReferencePipeline.forEach(ReferencePipeline.java:632)
	at java.base/java.util.stream.ReferencePipeline$7$1FlatMap.accept(ReferencePipeline.java:293)
	at java.base/java.util.ArrayList$ArrayListSpliterator.forEachRemaining(ArrayList.java:1716)
	at java.base/java.util.stream.AbstractPipeline.copyInto(AbstractPipeline.java:570)
	at java.base/java.util.stream.AbstractPipeline.wrapAndCopyInto(AbstractPipeline.java:560)
	at java.base/java.util.stream.ForEachOps$ForEachOp.evaluateSequential(ForEachOps.java:153)
	at java.base/java.util.stream.ForEachOps$ForEachOp$OfRef.evaluateSequential(ForEachOps.java:176)
	at java.base/java.util.stream.AbstractPipeline.evaluate(AbstractPipeline.java:265)
	at java.base/java.util.stream.ReferencePipeline.forEach(ReferencePipeline.java:632)
	at java.base/java.util.ArrayList.forEach(ArrayList.java:1604)
	at java.base/java.util.ArrayList.forEach(ArrayList.java:1604)
]]></skipped>
    <system-out><![CDATA[[ToolkitTestBase] user.dir = C:\Users\gpandey\OneDrive - ISDA\Documents\Projects-Codebase\FpML\fpml-toolkit-java
[ToolkitTestBase] Specifications loaded: 3
[ToolkitTestBase] Catalog loaded: files-fpml/catalog-fpml-5-13.xml
[ToolkitTestBase] Default schema set pre-compiled.
]]></system-out>
  </testcase>
  <testcase name="convert4xIrd01(String)[2]" classname="com.handcoded.fpml.ConversionSmokeTest" time="0.024"/>
  <testcase name="convert4xIrd01(String)[3]" classname="com.handcoded.fpml.ConversionSmokeTest" time="0.012"/>
  <testcase name="convert4xIrd01(String)[4]" classname="com.handcoded.fpml.ConversionSmokeTest" time="0.01"/>
  <testcase name="convert4xIrd01(String)[5]" classname="com.handcoded.fpml.ConversionSmokeTest" time="0.008"/>
  <testcase name="convert4xIrd01(String)[6]" classname="com.handcoded.fpml.ConversionSmokeTest" time="0.007"/>
  <testcase name="convert4xIrd01(String)[7]" classname="com.handcoded.fpml.ConversionSmokeTest" time="0.009"/>
  <testcase name="convert4xIrd01(String)[8]" classname="com.handcoded.fpml.ConversionSmokeTest" time="0.009"/>
  <testcase name="convert4xIrd01(String)[9]" classname="com.handcoded.fpml.ConversionSmokeTest" time="0.007"/>
  <testcase name="convert5xIrd01(String)[1]" classname="com.handcoded.fpml.ConversionSmokeTest" time="0.012"/>
  <testcase name="convert5xIrd01(String)[2]" classname="com.handcoded.fpml.ConversionSmokeTest" time="0.01"/>
  <testcase name="convert5xIrd01(String)[3]" classname="com.handcoded.fpml.ConversionSmokeTest" time="0.009"/>
  <testcase name="convert5xIrd01(String)[4]" classname="com.handcoded.fpml.ConversionSmokeTest" time="0.014"/>
  <testcase name="convert5xIrd01(String)[5]" classname="com.handcoded.fpml.ConversionSmokeTest" time="0.014"/>
  <testcase name="convert5xIrd01(String)[6]" classname="com.handcoded.fpml.ConversionSmokeTest" time="0.014"/>
  <testcase name="convert5xIrd01(String)[7]" classname="com.handcoded.fpml.ConversionSmokeTest" time="0.009"/>
  <testcase name="convert5xIrd01(String)[8]" classname="com.handcoded.fpml.ConversionSmokeTest" time="0.014"/>
  <testcase name="convert5xIrd01(String)[9]" classname="com.handcoded.fpml.ConversionSmokeTest" time="0.013"/>
  <testcase name="convert5xIrd01(String)[10]" classname="com.handcoded.fpml.ConversionSmokeTest" time="0.009"/>
  <testcase name="convert5xIrd01(String)[11]" classname="com.handcoded.fpml.ConversionSmokeTest" time="0.008"/>
  <testcase name="convert5xIrd01(String)[12]" classname="com.handcoded.fpml.ConversionSmokeTest" time="0.008"/>
  <testcase name="convert5xIrd01(String)[13]" classname="com.handcoded.fpml.ConversionSmokeTest" time="0.009"/>
</testsuite>